# JRE version: Java(TM) SE Runtime Environment (8.0_231-b11) (build 1.8.0_231-b11)
# Java VM: Java HotSpot(TM) 64-Bit Server VM (25.231-b11 mixed mode linux-amd64 compressed oops)
Heap:
 PSYoungGen      total 259072K, used 7151K [0x00000000d6f80000, 0x00000000e7380000, 0x0000000100000000)
  eden space 251904K, 0% used [0x00000000d6f80000,0x00000000d6f80000,0x00000000e6580000)
  from space 7168K, 99% used [0x00000000e6580000,0x00000000e6c7bee0,0x00000000e6c80000)
  to   space 7168K, 0% used [0x00000000e6c80000,0x00000000e6c80000,0x00000000e7380000)
 ParOldGen       total 40960K, used 7548K [0x0000000084e00000, 0x0000000087600000, 0x00000000d6f80000)
  object space 40960K, 18% used [0x0000000084e00000,0x000000008555f3d8,0x0000000087600000)
 Metaspace       used 31090K, capacity 31828K, committed 32000K, reserved 1077248K
  class space    used 3870K, capacity 4046K, committed 4096K, reserved 1048576K
GC Heap History (10 events):
Event: 2.138 GC heap after
Heap after GC invocations=5 (full 0):
 PSYoungGen      total 68608K, used 5101K [0x00000000d6f80000, 0x00000000df580000, 0x0000000100000000)
  eden space 63488K, 0% used [0x00000000d6f80000,0x00000000d6f80000,0x00000000dad80000)
  from space 5120K, 99% used [0x00000000dad80000,0x00000000db27b640,0x00000000db280000)
  to   space 5120K, 0% used [0x00000000df080000,0x00000000df080000,0x00000000df580000)
 ParOldGen       total 84992K, used 90K [0x0000000084e00000, 0x000000008a100000, 0x00000000d6f80000)
  object space 84992K, 0% used [0x0000000084e00000,0x0000000084e16a78,0x000000008a100000)
 Metaspace       used 14064K, capacity 14460K, committed 14592K, reserved 1062912K
  class space    used 1627K, capacity 1702K, committed 1792K, reserved 1048576K
}
Event: 2.541 GC heap before
{Heap before GC invocations=6 (full 0):
 PSYoungGen      total 68608K, used 68589K [0x00000000d6f80000, 0x00000000df580000, 0x0000000100000000)
  eden space 63488K, 100% used [0x00000000d6f80000,0x00000000dad80000,0x00000000dad80000)
  from space 5120K, 99% used [0x00000000dad80000,0x00000000db27b640,0x00000000db280000)
  to   space 5120K, 0% used [0x00000000df080000,0x00000000df080000,0x00000000df580000)
 ParOldGen       total 84992K, used 90K [0x0000000084e00000, 0x000000008a100000, 0x00000000d6f80000)
  object space 84992K, 0% used [0x0000000084e00000,0x0000000084e16a78,0x000000008a100000)
 Metaspace       used 16211K, capacity 16578K, committed 16768K, reserved 1064960K
  class space    used 1979K, capacity 2087K, committed 2176K, reserved 1048576K
Event: 2.550 GC heap after
Heap after GC invocations=6 (full 0):
 PSYoungGen      total 131072K, used 5110K [0x00000000d6f80000, 0x00000000df780000, 0x0000000100000000)
  eden space 125952K, 0% used [0x00000000d6f80000,0x00000000d6f80000,0x00000000dea80000)
  from space 5120K, 99% used [0x00000000df080000,0x00000000df57d838,0x00000000df580000)
  to   space 6144K, 0% used [0x00000000dea80000,0x00000000dea80000,0x00000000df080000)
 ParOldGen       total 84992K, used 610K [0x0000000084e00000, 0x000000008a100000, 0x00000000d6f80000)
  object space 84992K, 0% used [0x0000000084e00000,0x0000000084e98960,0x000000008a100000)
 Metaspace       used 16211K, capacity 16578K, committed 16768K, reserved 1064960K
  class space    used 1979K, capacity 2087K, committed 2176K, reserved 1048576K
}
Event: 3.919 GC heap before
{Heap before GC invocations=7 (full 0):
 PSYoungGen      total 131072K, used 131062K [0x00000000d6f80000, 0x00000000df780000, 0x0000000100000000)
  eden space 125952K, 100% used [0x00000000d6f80000,0x00000000dea80000,0x00000000dea80000)
  from space 5120K, 99% used [0x00000000df080000,0x00000000df57d838,0x00000000df580000)
  to   space 6144K, 0% used [0x00000000dea80000,0x00000000dea80000,0x00000000df080000)
 ParOldGen       total 84992K, used 610K [0x0000000084e00000, 0x000000008a100000, 0x00000000d6f80000)
  object space 84992K, 0% used [0x0000000084e00000,0x0000000084e98960,0x000000008a100000)
 Metaspace       used 20479K, capacity 21014K, committed 21248K, reserved 1067008K
  class space    used 2600K, capacity 2727K, committed 2816K, reserved 1048576K
Event: 3.931 GC heap after
Heap after GC invocations=7 (full 0):
 PSYoungGen      total 132096K, used 5631K [0x00000000d6f80000, 0x00000000e7380000, 0x0000000100000000)
  eden space 125952K, 0% used [0x00000000d6f80000,0x00000000d6f80000,0x00000000dea80000)
  from space 6144K, 91% used [0x00000000dea80000,0x00000000defffc18,0x00000000df080000)
  to   space 7168K, 0% used [0x00000000e6c80000,0x00000000e6c80000,0x00000000e7380000)
 ParOldGen       total 84992K, used 2254K [0x0000000084e00000, 0x000000008a100000, 0x00000000d6f80000)
  object space 84992K, 2% used [0x0000000084e00000,0x00000000850338c8,0x000000008a100000)
 Metaspace       used 20479K, capacity 21014K, committed 21248K, reserved 1067008K
  class space    used 2600K, capacity 2727K, committed 2816K, reserved 1048576K
}
Event: 3.954 GC heap before
{Heap before GC invocations=8 (full 0):
 PSYoungGen      total 132096K, used 13115K [0x00000000d6f80000, 0x00000000e7380000, 0x0000000100000000)
  eden space 125952K, 5% used [0x00000000d6f80000,0x00000000d76cf1d8,0x00000000dea80000)
  from space 6144K, 91% used [0x00000000dea80000,0x00000000defffc18,0x00000000df080000)
  to   space 7168K, 0% used [0x00000000e6c80000,0x00000000e6c80000,0x00000000e7380000)
 ParOldGen       total 84992K, used 2254K [0x0000000084e00000, 0x000000008a100000, 0x00000000d6f80000)
  object space 84992K, 2% used [0x0000000084e00000,0x00000000850338c8,0x000000008a100000)
 Metaspace       used 20688K, capacity 21142K, committed 21248K, reserved 1067008K
  class space    used 2616K, capacity 2727K, committed 2816K, reserved 1048576K
Event: 3.974 GC heap after
Heap after GC invocations=8 (full 0):
 PSYoungGen      total 259072K, used 2414K [0x00000000d6f80000, 0x00000000e7380000, 0x0000000100000000)
  eden space 251904K, 0% used [0x00000000d6f80000,0x00000000d6f80000,0x00000000e6580000)
  from space 7168K, 33% used [0x00000000e6c80000,0x00000000e6edb910,0x00000000e7380000)
  to   space 7168K, 0% used [0x00000000e6580000,0x00000000e6580000,0x00000000e6c80000)
 ParOldGen       total 84992K, used 3142K [0x0000000084e00000, 0x000000008a100000, 0x00000000d6f80000)
  object space 84992K, 3% used [0x0000000084e00000,0x00000000851118c8,0x000000008a100000)
 Metaspace       used 20688K, capacity 21142K, committed 21248K, reserved 1067008K
  class space    used 2616K, capacity 2727K, committed 2816K, reserved 1048576K
}
Event: 3.974 GC heap before
{Heap before GC invocations=9 (full 1):
 PSYoungGen      total 259072K, used 2414K [0x00000000d6f80000, 0x00000000e7380000, 0x0000000100000000)
  eden space 251904K, 0% used [0x00000000d6f80000,0x00000000d6f80000,0x00000000e6580000)
  from space 7168K, 33% used [0x00000000e6c80000,0x00000000e6edb910,0x00000000e7380000)
  to   space 7168K, 0% used [0x00000000e6580000,0x00000000e6580000,0x00000000e6c80000)
 ParOldGen       total 84992K, used 3142K [0x0000000084e00000, 0x000000008a100000, 0x00000000d6f80000)
  object space 84992K, 3% used [0x0000000084e00000,0x00000000851118c8,0x000000008a100000)
 Metaspace       used 20688K, capacity 21142K, committed 21248K, reserved 1067008K
  class space    used 2616K, capacity 2727K, committed 2816K, reserved 1048576K
Event: 4.023 GC heap after
Heap after GC invocations=9 (full 1):
 PSYoungGen      total 259072K, used 0K [0x00000000d6f80000, 0x00000000e7380000, 0x0000000100000000)
  eden space 251904K, 0% used [0x00000000d6f80000,0x00000000d6f80000,0x00000000e6580000)
  from space 7168K, 0% used [0x00000000e6c80000,0x00000000e6c80000,0x00000000e7380000)
  to   space 7168K, 0% used [0x00000000e6580000,0x00000000e6580000,0x00000000e6c80000)
 ParOldGen       total 40960K, used 4794K [0x0000000084e00000, 0x0000000087600000, 0x00000000d6f80000)
  object space 40960K, 11% used [0x0000000084e00000,0x00000000852aea08,0x0000000087600000)
 Metaspace       used 20688K, capacity 21142K, committed 21248K, reserved 1067008K
  class space    used 2616K, capacity 2727K, committed 2816K, reserved 1048576K
}
Event: 21.026 GC heap before
{Heap before GC invocations=10 (full 1):
 PSYoungGen      total 259072K, used 251904K [0x00000000d6f80000, 0x00000000e7380000, 0x0000000100000000)
  eden space 251904K, 100% used [0x00000000d6f80000,0x00000000e6580000,0x00000000e6580000)
  from space 7168K, 0% used [0x00000000e6c80000,0x00000000e6c80000,0x00000000e7380000)
  to   space 7168K, 0% used [0x00000000e6580000,0x00000000e6580000,0x00000000e6c80000)
 ParOldGen       total 40960K, used 4794K [0x0000000084e00000, 0x0000000087600000, 0x00000000d6f80000)
  object space 40960K, 11% used [0x0000000084e00000,0x00000000852aea08,0x0000000087600000)
 Metaspace       used 31090K, capacity 31828K, committed 32000K, reserved 1077248K
  class space    used 3870K, capacity 4046K, committed 4096K, reserved 1048576K

